# JRE version: Java(TM) SE Runtime Environment (17.0.11+7) (build 17.0.11+7-LTS-207)
# Java VM: Java HotSpot(TM) 64-Bit Server VM (17.0.11+7-LTS-207, mixed mode, sharing, tiered, compressed oops, compressed class ptrs, g1 gc, windows-amd64)
GC Precious Log:
 CPUs: 8 total, 8 available
 Memory: 16232M
 Large Page Support: Disabled
 NUMA Support: Disabled
 Compressed Oops: Enabled (32-bit)
 Heap Region Size: 1M
 Heap Min Capacity: 8M
 Heap Initial Capacity: 254M
 Heap Max Capacity: 2G
 Pre-touch: Disabled
 Parallel Workers: 8
 Concurrent Workers: 2
 Concurrent Refinement Workers: 8
 Periodic GC: Disabled
Heap:
 garbage-first heap   total 211968K, used 179198K [0x0000000080000000, 0x0000000100000000)
  region size 1024K, 36 young (36864K), 3 survivors (3072K)
 Metaspace       used 117310K, committed 118464K, reserved 557056K
  class space    used 16117K, committed 16640K, reserved 425984K
GC Heap History (20 events):
Event: 1000.086 GC heap before
{Heap before GC invocations=68 (full 0):
 garbage-first heap   total 191488K, used 159779K [0x0000000080000000, 0x0000000100000000)
  region size 1024K, 38 young (38912K), 3 survivors (3072K)
 Metaspace       used 101565K, committed 102528K, reserved 557056K
  class space    used 13760K, committed 14208K, reserved 425984K
}
Event: 1000.090 GC heap after
{Heap after GC invocations=69 (full 0):
 garbage-first heap   total 191488K, used 124476K [0x0000000080000000, 0x0000000100000000)
  region size 1024K, 3 young (3072K), 3 survivors (3072K)
 Metaspace       used 101565K, committed 102528K, reserved 557056K
  class space    used 13760K, committed 14208K, reserved 425984K
}
Event: 1001.026 GC heap before
{Heap before GC invocations=70 (full 0):
 garbage-first heap   total 211968K, used 160316K [0x0000000080000000, 0x0000000100000000)
  region size 1024K, 38 young (38912K), 3 survivors (3072K)
 Metaspace       used 103238K, committed 104256K, reserved 557056K
  class space    used 14043K, committed 14528K, reserved 425984K
}
Event: 1001.030 GC heap after
{Heap after GC invocations=71 (full 0):
 garbage-first heap   total 211968K, used 126833K [0x0000000080000000, 0x0000000100000000)
  region size 1024K, 4 young (4096K), 4 survivors (4096K)
 Metaspace       used 103238K, committed 104256K, reserved 557056K
  class space    used 14043K, committed 14528K, reserved 425984K
}
Event: 1001.113 GC heap before
{Heap before GC invocations=71 (full 0):
 garbage-first heap   total 211968K, used 132977K [0x0000000080000000, 0x0000000100000000)
  region size 1024K, 10 young (10240K), 4 survivors (4096K)
 Metaspace       used 103265K, committed 104256K, reserved 557056K
  class space    used 14045K, committed 14528K, reserved 425984K
}
Event: 1001.118 GC heap after
{Heap after GC invocations=72 (full 0):
 garbage-first heap   total 211968K, used 122957K [0x0000000080000000, 0x0000000100000000)
  region size 1024K, 1 young (1024K), 1 survivors (1024K)
 Metaspace       used 103265K, committed 104256K, reserved 557056K
  class space    used 14045K, committed 14528K, reserved 425984K
}
Event: 1003.089 GC heap before
{Heap before GC invocations=72 (full 0):
 garbage-first heap   total 211968K, used 178253K [0x0000000080000000, 0x0000000100000000)
  region size 1024K, 55 young (56320K), 1 survivors (1024K)
 Metaspace       used 104487K, committed 105472K, reserved 557056K
  class space    used 14198K, committed 14656K, reserved 425984K
}
Event: 1003.096 GC heap after
{Heap after GC invocations=73 (full 0):
 garbage-first heap   total 211968K, used 126296K [0x0000000080000000, 0x0000000100000000)
  region size 1024K, 4 young (4096K), 4 survivors (4096K)
 Metaspace       used 104487K, committed 105472K, reserved 557056K
  class space    used 14198K, committed 14656K, reserved 425984K
}
Event: 1006.016 GC heap before
{Heap before GC invocations=73 (full 0):
 garbage-first heap   total 211968K, used 179544K [0x0000000080000000, 0x0000000100000000)
  region size 1024K, 55 young (56320K), 4 survivors (4096K)
 Metaspace       used 107739K, committed 108736K, reserved 557056K
  class space    used 14669K, committed 15168K, reserved 425984K
}
Event: 1006.020 GC heap after
{Heap after GC invocations=74 (full 0):
 garbage-first heap   total 211968K, used 128075K [0x0000000080000000, 0x0000000100000000)
  region size 1024K, 2 young (2048K), 2 survivors (2048K)
 Metaspace       used 107739K, committed 108736K, reserved 557056K
  class space    used 14669K, committed 15168K, reserved 425984K
}
Event: 1021.637 GC heap before
{Heap before GC invocations=74 (full 0):
 garbage-first heap   total 211968K, used 179275K [0x0000000080000000, 0x0000000100000000)
  region size 1024K, 52 young (53248K), 2 survivors (2048K)
 Metaspace       used 111290K, committed 112256K, reserved 557056K
  class space    used 15267K, committed 15744K, reserved 425984K
}
Event: 1021.641 GC heap after
{Heap after GC invocations=75 (full 0):
 garbage-first heap   total 211968K, used 129606K [0x0000000080000000, 0x0000000100000000)
  region size 1024K, 4 young (4096K), 4 survivors (4096K)
 Metaspace       used 111290K, committed 112256K, reserved 557056K
  class space    used 15267K, committed 15744K, reserved 425984K
}
Event: 1023.161 GC heap before
{Heap before GC invocations=75 (full 0):
 garbage-first heap   total 211968K, used 179782K [0x0000000080000000, 0x0000000100000000)
  region size 1024K, 53 young (54272K), 4 survivors (4096K)
 Metaspace       used 114095K, committed 115136K, reserved 557056K
  class space    used 15638K, committed 16128K, reserved 425984K
}
Event: 1023.166 GC heap after
{Heap after GC invocations=76 (full 0):
 garbage-first heap   total 211968K, used 131414K [0x0000000080000000, 0x0000000100000000)
  region size 1024K, 5 young (5120K), 5 survivors (5120K)
 Metaspace       used 114095K, committed 115136K, reserved 557056K
  class space    used 15638K, committed 16128K, reserved 425984K
}
Event: 1024.762 GC heap before
{Heap before GC invocations=76 (full 0):
 garbage-first heap   total 211968K, used 181590K [0x0000000080000000, 0x0000000100000000)
  region size 1024K, 54 young (55296K), 5 survivors (5120K)
 Metaspace       used 115752K, committed 116864K, reserved 557056K
  class space    used 15870K, committed 16384K, reserved 425984K
}
Event: 1024.768 GC heap after
{Heap after GC invocations=77 (full 0):
 garbage-first heap   total 211968K, used 136097K [0x0000000080000000, 0x0000000100000000)
  region size 1024K, 7 young (7168K), 7 survivors (7168K)
 Metaspace       used 115752K, committed 116864K, reserved 557056K
  class space    used 15870K, committed 16384K, reserved 425984K
}
Event: 1032.537 GC heap before
{Heap before GC invocations=77 (full 0):
 garbage-first heap   total 211968K, used 180129K [0x0000000080000000, 0x0000000100000000)
  region size 1024K, 51 young (52224K), 7 survivors (7168K)
 Metaspace       used 116323K, committed 117440K, reserved 557056K
  class space    used 15940K, committed 16448K, reserved 425984K
}
Event: 1032.544 GC heap after
{Heap after GC invocations=78 (full 0):
 garbage-first heap   total 211968K, used 142531K [0x0000000080000000, 0x0000000100000000)
  region size 1024K, 7 young (7168K), 7 survivors (7168K)
 Metaspace       used 116323K, committed 117440K, reserved 557056K
  class space    used 15940K, committed 16448K, reserved 425984K
}
Event: 1033.429 GC heap before
{Heap before GC invocations=78 (full 0):
 garbage-first heap   total 211968K, used 178371K [0x0000000080000000, 0x0000000100000000)
  region size 1024K, 42 young (43008K), 7 survivors (7168K)
 Metaspace       used 117258K, committed 118400K, reserved 557056K
  class space    used 16117K, committed 16640K, reserved 425984K
}
Event: 1033.435 GC heap after
{Heap after GC invocations=79 (full 0):
 garbage-first heap   total 211968K, used 145406K [0x0000000080000000, 0x0000000100000000)
  region size 1024K, 3 young (3072K), 3 survivors (3072K)
 Metaspace       used 117258K, committed 118400K, reserved 557056K
  class space    used 16117K, committed 16640K, reserved 425984K
}

